<?xml version="1.0" encoding="utf-8"?>
<?AutomationStudio Version="4.9.2.46"?>
<Objects>
  <Object
    Path="E:\Praegemaschine\AS_Praegemaschine\Logical\Package.pkg"
    LogicalPath=""
    Type="Package.ParentUnknown"
    LastWriteTime="132811130460000000" />
  <Object
    Path="E:\Praegemaschine\AS_Praegemaschine\Logical\Global.typ"
    LogicalPath="Global.typ"
    Type="File"
    LastWriteTime="132803438420000000"
    Private="false" />
  <Object
    Path="E:\Praegemaschine\AS_Praegemaschine\Logical\Global.var"
    LogicalPath="Global.var"
    Type="File"
    LastWriteTime="132803438420000000"
    Private="false" />
  <Object
    Path="E:\Praegemaschine\AS_Praegemaschine\Logical\Libraries\Package.pkg"
    LogicalPath="Libraries"
    Type="Package"
    LastWriteTime="132803439740000000" />
  <Object
    Path="E:\Praegemaschine\AS_Praegemaschine\Logical\Libraries\operator\binary.lby"
    LogicalPath="Libraries.operator"
    Type="Library"
    LastWriteTime="132803438440000000" />
  <Object
    Path="E:\Praegemaschine\AS_Praegemaschine\Logical\Libraries\operator\operator.fun"
    LogicalPath="Libraries.operator.operator.fun"
    Type="File"
    LastWriteTime="132803438440000000"
    Private="false" />
  <Object
    Path="E:\Praegemaschine\AS_Praegemaschine\Logical\Libraries\operator\operator.typ"
    LogicalPath="Libraries.operator.operator.typ"
    Type="File"
    LastWriteTime="132803438440000000"
    Private="false" />
  <Object
    Path="E:\Praegemaschine\AS_Praegemaschine\Logical\Libraries\operator\operator.var"
    LogicalPath="Libraries.operator.operator.var"
    Type="File"
    LastWriteTime="132803438440000000"
    Private="false" />
  <Object
    Path="E:\Praegemaschine\AS_Praegemaschine\Logical\Libraries\runtime\binary.lby"
    LogicalPath="Libraries.runtime"
    Type="Library"
    LastWriteTime="132803438440000000" />
  <Object
    Path="E:\Praegemaschine\AS_Praegemaschine\Logical\Libraries\runtime\runtime.fun"
    LogicalPath="Libraries.runtime.runtime.fun"
    Type="File"
    LastWriteTime="132803438440000000"
    Private="false" />
  <Object
    Path="E:\Praegemaschine\AS_Praegemaschine\Logical\Libraries\runtime\runtime.typ"
    LogicalPath="Libraries.runtime.runtime.typ"
    Type="File"
    LastWriteTime="132803438440000000"
    Private="false" />
  <Object
    Path="E:\Praegemaschine\AS_Praegemaschine\Logical\Libraries\runtime\runtime.var"
    LogicalPath="Libraries.runtime.runtime.var"
    Type="File"
    LastWriteTime="132803438440000000"
    Private="false" />
  <Object
    Path="E:\Praegemaschine\AS_Praegemaschine\Logical\Libraries\astime\binary.lby"
    LogicalPath="Libraries.astime"
    Type="Library"
    LastWriteTime="132803438460000000" />
  <Object
    Path="E:\Praegemaschine\AS_Praegemaschine\Logical\Libraries\astime\astime.fun"
    LogicalPath="Libraries.astime.astime.fun"
    Type="File"
    LastWriteTime="132803438460000000"
    Private="false" />
  <Object
    Path="E:\Praegemaschine\AS_Praegemaschine\Logical\Libraries\astime\astime.typ"
    LogicalPath="Libraries.astime.astime.typ"
    Type="File"
    LastWriteTime="132803438460000000"
    Private="false" />
  <Object
    Path="E:\Praegemaschine\AS_Praegemaschine\Logical\Libraries\astime\astime.var"
    LogicalPath="Libraries.astime.astime.var"
    Type="File"
    LastWriteTime="132803438460000000"
    Private="false" />
  <Object
    Path="E:\Praegemaschine\AS_Praegemaschine\Logical\Libraries\AsIecCon\binary.lby"
    LogicalPath="Libraries.AsIecCon"
    Type="Library"
    LastWriteTime="132803438460000000" />
  <Object
    Path="E:\Praegemaschine\AS_Praegemaschine\Logical\Libraries\AsIecCon\AsIecCon.fun"
    LogicalPath="Libraries.AsIecCon.AsIecCon.fun"
    Type="File"
    LastWriteTime="132803438460000000"
    Private="false" />
  <Object
    Path="E:\Praegemaschine\AS_Praegemaschine\Logical\Libraries\AsIecCon\AsIecCon.typ"
    LogicalPath="Libraries.AsIecCon.AsIecCon.typ"
    Type="File"
    LastWriteTime="132803438460000000"
    Private="false" />
  <Object
    Path="E:\Praegemaschine\AS_Praegemaschine\Logical\Libraries\AsIecCon\AsIecCon.var"
    LogicalPath="Libraries.AsIecCon.AsIecCon.var"
    Type="File"
    LastWriteTime="132803438460000000"
    Private="false" />
  <Object
    Path="E:\Praegemaschine\AS_Praegemaschine\Logical\Libraries\ComTCP\Package.pkg"
    LogicalPath="Libraries.ComTCP"
    Type="Package"
    LastWriteTime="132803450300000000" />
  <Object
    Path="E:\Praegemaschine\AS_Praegemaschine\Logical\Libraries\ComTCP\ComTCP_L\ANSIC.lby"
    LogicalPath="Libraries.ComTCP.ComTCP_L"
    Type="Library"
    LastWriteTime="132811158360000000" />
  <Object
    Path="E:\Praegemaschine\AS_Praegemaschine\Logical\Libraries\ComTCP\ComTCP_L\MNG_InternalTyp.hpp"
    LogicalPath="Libraries.ComTCP.ComTCP_L.MNG_InternalTyp.hpp"
    Type="File"
    LastWriteTime="132811158360000000"
    Private="false" />
  <Object
    Path="E:\Praegemaschine\AS_Praegemaschine\Logical\Libraries\ComTCP\ComTCP_L\MNG_ComHdlr.hpp"
    LogicalPath="Libraries.ComTCP.ComTCP_L.MNG_ComHdlr.hpp"
    Type="File"
    LastWriteTime="132811158360000000"
    Private="false" />
  <Object
    Path="E:\Praegemaschine\AS_Praegemaschine\Logical\Libraries\ComTCP\ComTCP_L\MNG_ComHdlr.cpp"
    LogicalPath="Libraries.ComTCP.ComTCP_L.MNG_ComHdlr.cpp"
    Type="File"
    LastWriteTime="132811158360000000"
    Private="false" />
  <Object
    Path="E:\Praegemaschine\AS_Praegemaschine\Logical\Libraries\ComTCP\ComTCP_L\MNG_Global.hpp"
    LogicalPath="Libraries.ComTCP.ComTCP_L.MNG_Global.hpp"
    Type="File"
    LastWriteTime="132811158360000000"
    Private="false" />
  <Object
    Path="E:\Praegemaschine\AS_Praegemaschine\Logical\Libraries\ComTCP\ComTCP_L\MNG_CpyOutToMsg.cpp"
    LogicalPath="Libraries.ComTCP.ComTCP_L.MNG_CpyOutToMsg.cpp"
    Type="File"
    LastWriteTime="132811158360000000"
    Private="false" />
  <Object
    Path="E:\Praegemaschine\AS_Praegemaschine\Logical\Libraries\ComTCP\ComTCP_L\MNG_CpyMsgToInp.cpp"
    LogicalPath="Libraries.ComTCP.ComTCP_L.MNG_CpyMsgToInp.cpp"
    Type="File"
    LastWriteTime="132811158360000000"
    Private="false" />
  <Object
    Path="E:\Praegemaschine\AS_Praegemaschine\Logical\Libraries\ComTCP\ComTCP_P\ANSIC.prg"
    LogicalPath="Libraries.ComTCP.ComTCP_P"
    Type="Program"
    LastWriteTime="132811158360000000" />
  <Object
    Path="E:\Praegemaschine\AS_Praegemaschine\Logical\Libraries\ComTCP\ComTCP_P\Main.cpp"
    LogicalPath="Libraries.ComTCP.ComTCP_P.Main.cpp"
    Type="File"
    LastWriteTime="132811158360000000"
    Private="false" />
  <Object
    Path="E:\Praegemaschine\AS_Praegemaschine\Logical\Libraries\ComTCP\ComTCP_P\Types.typ"
    LogicalPath="Libraries.ComTCP.ComTCP_P.Types.typ"
    Type="File"
    LastWriteTime="132811158360000000"
    Private="true" />
  <Object
    Path="E:\Praegemaschine\AS_Praegemaschine\Logical\Libraries\ComTCP\ComTCP_P\Variables.var"
    LogicalPath="Libraries.ComTCP.ComTCP_P.Variables.var"
    Type="File"
    LastWriteTime="132811158360000000"
    Private="true" />
  <Object
    Path="E:\Praegemaschine\AS_Praegemaschine\Logical\Libraries\ComTCP\MNG_Package.typ"
    LogicalPath="Libraries.ComTCP.MNG_Package.typ"
    Type="File"
    LastWriteTime="132811128680000000"
    Private="false" />
  <Object
    Path="E:\Praegemaschine\AS_Praegemaschine\Logical\Libraries\ComTCP\MNG_Package.var"
    LogicalPath="Libraries.ComTCP.MNG_Package.var"
    Type="File"
    LastWriteTime="132811122760000000"
    Private="false" />
  <Object
    Path="E:\Praegemaschine\AS_Praegemaschine\Logical\Libraries\AsTCP\binary.lby"
    LogicalPath="Libraries.AsTCP"
    Type="Library"
    LastWriteTime="132803439700000000" />
  <Object
    Path="E:\Praegemaschine\AS_Praegemaschine\Logical\Libraries\AsTCP\AsTCP.fun"
    LogicalPath="Libraries.AsTCP.AsTCP.fun"
    Type="File"
    LastWriteTime="132803439700000000"
    Private="false" />
  <Object
    Path="E:\Praegemaschine\AS_Praegemaschine\Logical\Libraries\AsTCP\AsTCP.typ"
    LogicalPath="Libraries.AsTCP.AsTCP.typ"
    Type="File"
    LastWriteTime="132803439700000000"
    Private="false" />
  <Object
    Path="E:\Praegemaschine\AS_Praegemaschine\Logical\Libraries\AsTCP\AsTCP.var"
    LogicalPath="Libraries.AsTCP.AsTCP.var"
    Type="File"
    LastWriteTime="132803439700000000"
    Private="false" />
  <Object
    Path="E:\Praegemaschine\AS_Praegemaschine\Logical\Libraries\standard\binary.lby"
    LogicalPath="Libraries.standard"
    Type="Library"
    LastWriteTime="132803439720000000" />
  <Object
    Path="E:\Praegemaschine\AS_Praegemaschine\Logical\Libraries\standard\standard.fun"
    LogicalPath="Libraries.standard.standard.fun"
    Type="File"
    LastWriteTime="132803439720000000"
    Private="false" />
  <Object
    Path="E:\Praegemaschine\AS_Praegemaschine\Logical\Libraries\standard\standard.typ"
    LogicalPath="Libraries.standard.standard.typ"
    Type="File"
    LastWriteTime="132803439720000000"
    Private="false" />
  <Object
    Path="E:\Praegemaschine\AS_Praegemaschine\Logical\Libraries\standard\standard.var"
    LogicalPath="Libraries.standard.standard.var"
    Type="File"
    LastWriteTime="132803439720000000"
    Private="false" />
  <Object
    Path="E:\Praegemaschine\AS_Praegemaschine\Logical\Libraries\AsArLog\binary.lby"
    LogicalPath="Libraries.AsArLog"
    Type="Library"
    LastWriteTime="132803439740000000" />
  <Object
    Path="E:\Praegemaschine\AS_Praegemaschine\Logical\Libraries\AsArLog\AsArLog.fun"
    LogicalPath="Libraries.AsArLog.AsArLog.fun"
    Type="File"
    LastWriteTime="132803439740000000"
    Private="false" />
  <Object
    Path="E:\Praegemaschine\AS_Praegemaschine\Logical\Libraries\AsArLog\AsArLog.typ"
    LogicalPath="Libraries.AsArLog.AsArLog.typ"
    Type="File"
    LastWriteTime="132803439740000000"
    Private="false" />
  <Object
    Path="E:\Praegemaschine\AS_Praegemaschine\Logical\Libraries\AsArLog\AsArLog.var"
    LogicalPath="Libraries.AsArLog.AsArLog.var"
    Type="File"
    LastWriteTime="132803439740000000"
    Private="false" />
  <Object
    Path="E:\Praegemaschine\AS_Praegemaschine\Logical\Libraries\AsBrStr\binary.lby"
    LogicalPath="Libraries.AsBrStr"
    Type="Library"
    LastWriteTime="132803439740000000" />
  <Object
    Path="E:\Praegemaschine\AS_Praegemaschine\Logical\Libraries\AsBrStr\AsBrStr.fun"
    LogicalPath="Libraries.AsBrStr.AsBrStr.fun"
    Type="File"
    LastWriteTime="132803439740000000"
    Private="false" />
  <Object
    Path="E:\Praegemaschine\AS_Praegemaschine\Logical\Libraries\AsBrStr\AsBrStr.typ"
    LogicalPath="Libraries.AsBrStr.AsBrStr.typ"
    Type="File"
    LastWriteTime="132803439740000000"
    Private="false" />
  <Object
    Path="E:\Praegemaschine\AS_Praegemaschine\Logical\Libraries\AsBrStr\AsBrStr.var"
    LogicalPath="Libraries.AsBrStr.AsBrStr.var"
    Type="File"
    LastWriteTime="132803439740000000"
    Private="false" />
  <Object
    Path="E:\Praegemaschine\AS_Praegemaschine\Logical\MNG_Global.typ"
    LogicalPath="MNG_Global.typ"
    Type="File"
    LastWriteTime="132811122760000000"
    Private="false" />
  <Object
    Path="E:\Praegemaschine\AS_Praegemaschine\Logical\Praegemaschine.iphx"
    LogicalPath="Praegemaschine.iphx"
    Type="File"
    LastWriteTime="132811130460000000"
    Private="false" />
  <Object
    Path="E:\Praegemaschine\AS_Praegemaschine\Physical\Config1\Config.pkg"
    LogicalPath="Config1"
    Type="Configuration.ParentUnknown"
    LastWriteTime="132803438520000000" />
  <Object
    Path="E:\Praegemaschine\AS_Praegemaschine\Physical\Config1\Hardware.hw"
    LogicalPath="Config1.Hardware.hw"
    Type="File"
    LastWriteTime="132803438460000000"
    Private="false" />
  <Object
    Path="E:\Praegemaschine\AS_Praegemaschine\Physical\Config1\Hardware.hwl"
    LogicalPath="Config1.Hardware.hwl"
    Type="File"
    LastWriteTime="132803439520000000"
    Private="false" />
  <Object
    Path="E:\Praegemaschine\AS_Praegemaschine\Physical\Config1\PC\Cpu.pkg"
    LogicalPath="Config1.PC"
    Type="Cpu"
    LastWriteTime="132803438460000000" />
  <Object
    Path="E:\Praegemaschine\AS_Praegemaschine\Physical\Config1\PC\Cpu.sw"
    LogicalPath="Config1.PC.Cpu.sw"
    Type="File"
    LastWriteTime="132811123360000000"
    Private="false" />
  <Object
    Path="E:\Praegemaschine\AS_Praegemaschine\Physical\Config1\PC\Cpu.per"
    LogicalPath="Config1.PC.Cpu.per"
    Type="File"
    LastWriteTime="132803438460000000"
    Private="false" />
  <Object
    Path="E:\Praegemaschine\AS_Praegemaschine\Physical\Config1\PC\IoMap.iom"
    LogicalPath="Config1.PC.IoMap.iom"
    Type="File"
    LastWriteTime="132803438460000000"
    Private="false" />
  <Object
    Path="E:\Praegemaschine\AS_Praegemaschine\Physical\Config1\PC\PvMap.vvm"
    LogicalPath="Config1.PC.PvMap.vvm"
    Type="File"
    LastWriteTime="132803438460000000"
    Private="false" />
  <Object
    Path="E:\Praegemaschine\AS_Praegemaschine\Physical\Config1\PC\Connectivity\Package.pkg"
    LogicalPath="Config1.PC.Connectivity"
    Type="Package"
    LastWriteTime="132803438460000000" />
  <Object
    Path="E:\Praegemaschine\AS_Praegemaschine\Physical\Config1\PC\Connectivity\OpcUA\Package.pkg"
    LogicalPath="Config1.PC.Connectivity.OpcUA"
    Type="Package"
    LastWriteTime="132803438460000000" />
  <Object
    Path="E:\Praegemaschine\AS_Praegemaschine\Physical\Config1\PC\TextSystem\Package.pkg"
    LogicalPath="Config1.PC.TextSystem"
    Type="Package"
    LastWriteTime="132803438460000000" />
  <Object
    Path="E:\Praegemaschine\AS_Praegemaschine\Physical\Config1\PC\UnitSystem\Package.pkg"
    LogicalPath="Config1.PC.UnitSystem"
    Type="Package"
    LastWriteTime="132803438460000000" />
  <Object
    Path="E:\Praegemaschine\AS_Praegemaschine\Physical\Config1\PC\AccessAndSecurity\Package.pkg"
    LogicalPath="Config1.PC.AccessAndSecurity"
    Type="Package"
    LastWriteTime="132803438460000000" />
  <Object
    Path="E:\Praegemaschine\AS_Praegemaschine\Physical\Config1\PC\AccessAndSecurity\UserRoleSystem\Package.pkg"
    LogicalPath="Config1.PC.AccessAndSecurity.UserRoleSystem"
    Type="Package"
    LastWriteTime="132803438460000000" />
  <Object
    Path="E:\Praegemaschine\AS_Praegemaschine\Physical\Config1\PC\AccessAndSecurity\UserRoleSystem\Role.role"
    LogicalPath="Config1.PC.AccessAndSecurity.UserRoleSystem.Role.role"
    Type="File"
    LastWriteTime="132803438460000000"
    Private="false" />
  <Object
    Path="E:\Praegemaschine\AS_Praegemaschine\Physical\Config1\PC\AccessAndSecurity\UserRoleSystem\User.user"
    LogicalPath="Config1.PC.AccessAndSecurity.UserRoleSystem.User.user"
    Type="File"
    LastWriteTime="132803438460000000"
    Private="false" />
  <Object
    Path="E:\Praegemaschine\AS_Praegemaschine\Physical\Config1\PC\AccessAndSecurity\CertificateStore\Package.pkg"
    LogicalPath="Config1.PC.AccessAndSecurity.CertificateStore"
    Type="Package"
    LastWriteTime="132803438460000000" />
  <Object
    Path="E:\Praegemaschine\AS_Praegemaschine\Physical\Config1\PC\AccessAndSecurity\CertificateStore\OwnCertificates\Package.pkg"
    LogicalPath="Config1.PC.AccessAndSecurity.CertificateStore.OwnCertificates"
    Type="Package"
    LastWriteTime="132803438460000000" />
  <Object
    Path="E:\Praegemaschine\AS_Praegemaschine\Physical\Config1\PC\AccessAndSecurity\CertificateStore\OwnCertificates\Certificates\Package.pkg"
    LogicalPath="Config1.PC.AccessAndSecurity.CertificateStore.OwnCertificates.Certificates"
    Type="Package"
    LastWriteTime="132803438460000000" />
  <Object
    Path="E:\Praegemaschine\AS_Praegemaschine\Physical\Config1\PC\AccessAndSecurity\CertificateStore\OwnCertificates\PrivateKeys\Package.pkg"
    LogicalPath="Config1.PC.AccessAndSecurity.CertificateStore.OwnCertificates.PrivateKeys"
    Type="Package"
    LastWriteTime="132803438460000000" />
  <Object
    Path="E:\Praegemaschine\AS_Praegemaschine\Physical\Config1\PC\AccessAndSecurity\CertificateStore\ThirdPartyCertificates\Package.pkg"
    LogicalPath="Config1.PC.AccessAndSecurity.CertificateStore.ThirdPartyCertificates"
    Type="Package"
    LastWriteTime="132803438460000000" />
  <Object
    Path="E:\Praegemaschine\AS_Praegemaschine\Physical\Config1\PC\AccessAndSecurity\CertificateStore\ThirdPartyCertificates\SoftwareCertificates\Package.pkg"
    LogicalPath="Config1.PC.AccessAndSecurity.CertificateStore.ThirdPartyCertificates.SoftwareCertificates"
    Type="Package"
    LastWriteTime="132803438460000000" />
  <Object
    Path="E:\Praegemaschine\AS_Praegemaschine\Physical\Config1\PC\AccessAndSecurity\CertificateStore\CertificateRevocationLists\Package.pkg"
    LogicalPath="Config1.PC.AccessAndSecurity.CertificateStore.CertificateRevocationLists"
    Type="Package"
    LastWriteTime="132803438460000000" />
  <Object
    Path="E:\Praegemaschine\AS_Praegemaschine\Physical\Config1\PC\AccessAndSecurity\CertificateStore\CertificateSigningRequests\Package.pkg"
    LogicalPath="Config1.PC.AccessAndSecurity.CertificateStore.CertificateSigningRequests"
    Type="Package"
    LastWriteTime="132803438460000000" />
  <Object
    Path="E:\Praegemaschine\AS_Praegemaschine\Physical\Config1\PC\AccessAndSecurity\TransportLayerSecurity\Package.pkg"
    LogicalPath="Config1.PC.AccessAndSecurity.TransportLayerSecurity"
    Type="Package"
    LastWriteTime="132803438460000000" />
  <Object
    Path="E:\Praegemaschine\AS_Praegemaschine\Physical\Config1\PC\AccessAndSecurity\Firewall\Package.pkg"
    LogicalPath="Config1.PC.AccessAndSecurity.Firewall"
    Type="Package"
    LastWriteTime="132803438460000000" />
  <Object
    Path="E:\Praegemaschine\AS_Praegemaschine\Physical\Config1\PC\AccessAndSecurity\Firewall\Rules.firewallRules"
    LogicalPath="Config1.PC.AccessAndSecurity.Firewall.Rules.firewallRules"
    Type="File"
    LastWriteTime="132803438460000000"
    Private="false" />
  <Object
    Path="E:\Praegemaschine\AS_Praegemaschine\Physical\Config1\PC\mappControl\Package.pkg"
    LogicalPath="Config1.PC.mappControl"
    Type="Package"
    LastWriteTime="132803438460000000" />
  <Object
    Path="E:\Praegemaschine\AS_Praegemaschine\Physical\Config1\PC\mappMotion\Package.pkg"
    LogicalPath="Config1.PC.mappMotion"
    Type="Package"
    LastWriteTime="132803438460000000" />
  <Object
    Path="E:\Praegemaschine\AS_Praegemaschine\Physical\Config1\PC\mappServices\Package.pkg"
    LogicalPath="Config1.PC.mappServices"
    Type="Package"
    LastWriteTime="132803438460000000" />
  <Object
    Path="E:\Praegemaschine\AS_Praegemaschine\Physical\Config1\PC\mappSafety\Package.pkg"
    LogicalPath="Config1.PC.mappSafety"
    Type="Package"
    LastWriteTime="132803438460000000" />
  <Object
    Path="E:\Praegemaschine\AS_Praegemaschine\Physical\Config1\PC\mappSafety\SafeApplication\Package.pkg"
    LogicalPath="Config1.PC.mappSafety.SafeApplication"
    Type="Package"
    LastWriteTime="132803438460000000" />
  <Object
    Path="E:\Praegemaschine\AS_Praegemaschine\Physical\Config1\PC\mappSafety\SafeCommissioning\Package.pkg"
    LogicalPath="Config1.PC.mappSafety.SafeCommissioning"
    Type="Package"
    LastWriteTime="132803438460000000" />
  <Object
    Path="E:\Praegemaschine\AS_Praegemaschine\Physical\Config1\PC\mappView\Package.pkg"
    LogicalPath="Config1.PC.mappView"
    Type="Package"
    LastWriteTime="132803438460000000" />
  <Object
    Path="E:\Praegemaschine\AS_Praegemaschine\Physical\Config1\PC\mappVision\Package.pkg"
    LogicalPath="Config1.PC.mappVision"
    Type="Package"
    LastWriteTime="132803438460000000" />
  <Object
    Path="E:\Praegemaschine\AS_Praegemaschine\Physical\Config1\PC\mappCockpit\Package.pkg"
    LogicalPath="Config1.PC.mappCockpit"
    Type="Package"
    LastWriteTime="132803438460000000" />
  <Object
    Path="E:\Praegemaschine\AS_Praegemaschine\Physical\Config1\Hardware.jpg"
    LogicalPath="Config1.Hardware.jpg"
    Type="File"
    LastWriteTime="132803439520000000"
    Private="false" />
</Objects>